<?xml version="1.0" encoding="UTF-8"?>
<testsuite xmlns:xsi="http://www.w3.org/2001/XMLSchema-instance" xsi:noNamespaceSchemaLocation="https://maven.apache.org/surefire/maven-surefire-plugin/xsd/surefire-test-report-3.0.xsd" version="3.0" name="com.example.AppTest" time="0.072" tests="2" errors="0" skipped="0" failures="0">
  <properties>
    <property name="java.specification.version" value="21"/>
    <property name="sun.cpu.isalist" value="amd64"/>
    <property name="sun.jnu.encoding" value="Cp1252"/>
    <property name="java.class.path" value="C:\Users\migavel\Downloads\demo2\target\test-classes;C:\Users\migavel\Downloads\demo2\target\classes;C:\Users\migavel\.m2\repository\junit\junit\4.13.2\junit-4.13.2.jar;C:\Users\migavel\.m2\repository\org\hamcrest\hamcrest-core\1.3\hamcrest-core-1.3.jar;"/>
    <property name="java.vm.vendor" value="Eclipse Adoptium"/>
    <property name="sun.arch.data.model" value="64"/>
    <property name="user.variant" value=""/>
    <property name="java.vendor.url" value="https://adoptium.net/"/>
    <property name="user.timezone" value="Asia/Calcutta"/>
    <property name="os.name" value="Windows 11"/>
    <property name="java.vm.specification.version" value="21"/>
    <property name="sun.java.launcher" value="SUN_STANDARD"/>
    <property name="user.country" value="IN"/>
    <property name="sun.boot.library.path" value="C:\Program Files\Eclipse Adoptium\jdk-21.0.6.7-hotspot\bin"/>
    <property name="sun.java.command" value="C:\Users\migavel\AppData\Local\Temp\surefire12914151720023371042\surefirebooter-20250317085706400_3.jar C:\Users\migavel\AppData\Local\Temp\surefire12914151720023371042 2025-03-17T08-57-06_244-jvmRun1 surefire-20250317085706400_1tmp surefire_0-20250317085706400_2tmp"/>
    <property name="jdk.debug" value="release"/>
    <property name="surefire.test.class.path" value="C:\Users\migavel\Downloads\demo2\target\test-classes;C:\Users\migavel\Downloads\demo2\target\classes;C:\Users\migavel\.m2\repository\junit\junit\4.13.2\junit-4.13.2.jar;C:\Users\migavel\.m2\repository\org\hamcrest\hamcrest-core\1.3\hamcrest-core-1.3.jar;"/>
    <property name="sun.cpu.endian" value="little"/>
    <property name="user.home" value="C:\Users\migavel"/>
    <property name="user.language" value="en"/>
    <property name="java.specification.vendor" value="Oracle Corporation"/>
    <property name="java.version.date" value="2025-01-21"/>
    <property name="java.home" value="C:\Program Files\Eclipse Adoptium\jdk-21.0.6.7-hotspot"/>
    <property name="file.separator" value="\"/>
    <property name="basedir" value="C:\Users\migavel\Downloads\demo2"/>
    <property name="java.vm.compressedOopsMode" value="Zero based"/>
    <property name="line.separator" value="&#10;"/>
    <property name="java.vm.specification.vendor" value="Oracle Corporation"/>
    <property name="java.specification.name" value="Java Platform API Specification"/>
    <property name="surefire.real.class.path" value="C:\Users\migavel\AppData\Local\Temp\surefire12914151720023371042\surefirebooter-20250317085706400_3.jar"/>
    <property name="user.script" value=""/>
    <property name="sun.management.compiler" value="HotSpot 64-Bit Tiered Compilers"/>
    <property name="java.runtime.version" value="21.0.6+7-LTS"/>
    <property name="user.name" value="migavel"/>
    <property name="stdout.encoding" value="Cp1252"/>
    <property name="path.separator" value=";"/>
    <property name="os.version" value="10.0"/>
    <property name="java.runtime.name" value="OpenJDK Runtime Environment"/>
    <property name="file.encoding" value="UTF-8"/>
    <property name="java.vm.name" value="OpenJDK 64-Bit Server VM"/>
    <property name="java.vendor.version" value="Temurin-21.0.6+7"/>
    <property name="localRepository" value="C:\Users\migavel\.m2\repository"/>
    <property name="java.vendor.url.bug" value="https://github.com/adoptium/adoptium-support/issues"/>
    <property name="java.io.tmpdir" value="C:\Users\migavel\AppData\Local\Temp\"/>
    <property name="java.version" value="21.0.6"/>
    <property name="user.dir" value="C:\Users\migavel\Downloads\demo2"/>
    <property name="os.arch" value="amd64"/>
    <property name="java.vm.specification.name" value="Java Virtual Machine Specification"/>
    <property name="sun.os.patch.level" value=""/>
    <property name="native.encoding" value="Cp1252"/>
    <property name="java.library.path" value="C:\Program Files\Eclipse Adoptium\jdk-21.0.6.7-hotspot\bin;C:\WINDOWS\Sun\Java\bin;C:\WINDOWS\system32;C:\WINDOWS;C:\Program Files\Eclipse Adoptium\jdk-21.0.6.7-hotspot\bin;C:\Program Files\Java\jdk-21\bin;C:\Program Files\nodejs\;C:\Program Files\Git\cmd;C:\Program Files\dotnet\;C:\Program Files\PuTTY\;C:\Program Files\HP\HP One Agent;C:\flutter\flutter\bin;C:\Windows\System32;C:\Program Files\Go\bin;C:\Program Files\Docker\Docker\resources\bin;C:\WINDOWS\system32;C:\WINDOWS;C:\WINDOWS\System32\Wbem;C:\WINDOWS\System32\WindowsPowerShell\v1.0\;C:\WINDOWS\System32\OpenSSH\;C:\Users\migavel\.local\bin;C:\Users\migavel\AppData\Local\Android\Sdk\platform-tools;C:\Users\migavel\AppData\Local\Android\Sdk\tools;C:\java\javafx-sdk-21.0.1\bin;C:\Users\migavel\AppData\Local\Programs\Python\Python311\Scripts\;C:\Users\migavel\AppData\Local\Programs\Python\Python311\;C:\Users\migavel\AppData\Local\Programs\Microsoft VS Code\bin;C:\Users\migavel\go\bin;C:\Users\migavel\AppData\Roaming\Microsoft\Windows\Start Menu\Progra;C:\Users\migavel\AppData\Roaming\Microsoft\Windows\Start Menu\Programs\Python 3.12;C:\Users\migavel\AppData\Roaming\npm\truffle;C:\Users\migavel\AppData\Roaming\npm;C:\Users\migavel\AppData\Local\Pub\Cache\bin;C:\Users\migavel\Downloads\ffmpeg-2024-09-26-git-f43916e217-essentials_build\ffmpeg-2024-09-26-git-f43916e217-essentials_build\bin;C:\Windows\System32\WindowsPowerShell\v1.0\powershell.exe.config;C:\Windows\System32\WindowsPowerShell\v1.0\powershell.exe;C:\Users\migavel\AppData\Local\Programs\Ollama;C:\Users\migavel\Downloads\kaggle.json;C:\Program Files\Tesseract-OCR;C:\Users\migavel\Downloads\Release-24.08.0-0\poppler-24.08.0\Library\bin;C:\Program Files\MongoDB\Server\7.0\bin;C:\Users\migavel\AppData\Local\Microsoft\WindowsApps;C:\Program Files\Blender Foundation\Blender 4.2\blender.exe;C:\Program Files\Blender Foundation\Blender 4.2\;C:\Program Files\Graphviz\bin;C:\Users\migavel\Downloads\ngrok-v3-stable-windows-amd64\ngrok.exe;C:\Users\migavel\Downloads\apache-maven-3.9.9-bin\apache-maven-3.9.9\bin;C:\Users\migavel\anaconda3\Scripts\conda.exe;C:\Users\migavel\.bun\bin;C:\Users\migavel\.bun\bin\bun.exe;C:\Users\migavel\Downloads\ffmpeg-2024-09-26-git-f43916e217-essentials_build\ffmpeg-2024-09-26-git-f43916e217-essentials_build\bin;C:\Users\migavel\Downloads\Rhubarb-Lip-Sync-1.13.0-Windows\Rhubarb-Lip-Sync-1.13.0-Windows\rhubarb.exe;C:\Users\migavel\Downloads\ffmpeg-2024-09-26-git-f43916e217-essentials_build\ffmpeg-2024-09-26-git-f43916e217-essentials_build\bin\ffmpeg.exe;C:\Program Files\Apache Software Foundation\apache-maven-3.9.9\bin;c:\Users\migavel\.vscode\extensions\ms-python.debugpy-2025.4.0-win32-x64\bundled\scripts\noConfigScripts;c:\Users\migavel\AppData\Roaming\Code\User\globalStorage\github.copilot-chat\debugCommand;C:\Users\migavel\AppData\Local\pnpm;C:\Users\migavel\AppData\Roaming\Python\Scripts;C:\Users\migavel\AppData\Roaming\Python\Scripts;C:\Users\migavel\AppData\Roaming\Python\Scripts;C:\Users\migavel\AppData\Roaming\Python\Scripts;C:\Users\migavel\AppData\Roaming\Python\Scripts;C:\Users\migavel\AppData\Roaming\Python\Scripts;C:\Users\migavel\Downloads\ffmpeg-2024-09-26-git-f43916e217-essentials_build\ffmpeg-2024-09-26-git-f43916e217-essentials_build\bin;C:\Program Files\Eclipse Adoptium\jdk-21.0.6.7-hotspot\bin;C:\Program Files\Java\jdk-21\bin;C:\Program Files\nodejs\;C:\Program Files\Git\cmd;C:\Program Files\dotnet\;C:\Program Files\PuTTY\;C:\Program Files\HP\HP One Agent;C:\flutter\flutter\bin;C:\Windows\System32;C:\Program Files\Go\bin;C:\Program Files\Docker\Docker\resources\bin;C:\WINDOWS\system32;C:\WINDOWS;C:\WINDOWS\System32\Wbem;C:\WINDOWS\System32\WindowsPowerShell\v1.0\;C:\WINDOWS\System32\OpenSSH\;C:\Users\migavel\.local\bin;C:\Users\migavel\AppData\Local\Android\Sdk\platform-tools;C:\Users\migavel\AppData\Local\Android\Sdk\tools;C:\java\javafx-sdk-21.0.1\bin;C:\Users\migavel\AppData\Local\Programs\Python\Python311\Scripts\;C:\Users\migavel\AppData\Local\Programs\Python\Python311\;C:\Users\migavel\AppData\Local\Programs\Microsoft VS Code\bin;C:\Users\migavel\go\bin;C:\Users\migavel\AppData\Roaming\Microsoft\Windows\Start Menu\Progra;C:\Users\migavel\.local\bin;C:\Users\migavel\AppData\Local\Android\Sdk\platform-tools;C:\Users\migavel\AppData\Local\Android\Sdk\tools;C:\java\javafx-sdk-21.0.1\bin;C:\Users\migavel\AppData\Local\Programs\Python\Python311\Scripts\;C:\Users\migavel\AppData\Local\Programs\Python\Python311\;C:\Windows\System32;C:\Users\migavel\AppData\Local\Programs\Microsoft VS Code\bin;C:\Users\migavel\go\bin;C:\Program Files\Go\bin;C:\Users\migavel\AppData\Roaming\Microsoft\Windows\Start Menu\Programs\Python 3.12;C:\Users\migavel\AppData\Roaming\npm\truffle;C:\Users\migavel\AppData\Roaming\npm;C:\Users\migavel\AppData\Local\Pub\Cache\bin;C:\Users\migavel\Downloads\ffmpeg-2024-09-26-git-f43916e217-essentials_build\ffmpeg-2024-09-26-git-f43916e217-essentials_build\bin;C:\Windows\System32\WindowsPowerShell\v1.0\powershell.exe.config;C:\Windows\System32\WindowsPowerShell\v1.0\powershell.exe;C:\flutter\flutter\bin;C:\Users\migavel\AppData\Local\Programs\Ollama;C:\Users\migavel\Downloads\kaggle.json;C:\Program Files\Tesseract-OCR;C:\Users\migavel\Downloads\Release-24.08.0-0\poppler-24.08.0\Library\bin;C:\Program Files\MongoDB\Server\7.0\bin;C:\Users\migavel\AppData\Local\Microsoft\WindowsApps;C:\Program Files\Blender Foundation\Blender 4.2\blender.exe;C:\Program Files\Blender Foundation\Blender 4.2\;C:\Program Files\Graphviz\bin;C:\Users\migavel\Downloads\ngrok-v3-stable-windows-amd64\ngrok.exe;C:\Users\migavel\Downloads\apache-maven-3.9.9-bin\apache-maven-3.9.9\bin;C:\Users\migavel\anaconda3\Scripts\conda.exe;C:\Users\migavel\.bun\bin;C:\Users\migavel\.bun\bin\bun.exe;C:\Users\migavel\Downloads\ffmpeg-2024-09-26-git-f43916e217-essentials_build\ffmpeg-2024-09-26-git-f43916e217-essentials_build\bin;C:\Users\migavel\Downloads\Rhubarb-Lip-Sync-1.13.0-Windows\Rhubarb-Lip-Sync-1.13.0-Windows\rhubarb.exe;C:\Users\migavel\Downloads\ffmpeg-2024-09-26-git-f43916e217-essentials_build\ffmpeg-2024-09-26-git-f43916e217-essentials_build\bin\ffmpeg.exe;C:\Program Files\Apache Software Foundation\apache-maven-3.9.9\bin;c:\Users\migavel\.vscode\extensions\ms-python.debugpy-2025.4.0-win32-x64\bundled\scripts\noConfigScripts;c:\Users\migavel\AppData\Roaming\Code\User\globalStorage\github.copilot-chat\debugCommand;C:\Users\migavel\AppData\Local\pnpm;C:\Users\migavel\AppData\Roaming\Python\Scripts;C:\Users\migavel\AppData\Roaming\Python\Scripts;C:\Users\migavel\AppData\Roaming\Python\Scripts;C:\Users\migavel\AppData\Roaming\Python\Scripts;C:\Users\migavel\AppData\Roaming\Python\Scripts;C:\Users\migavel\AppData\Roaming\Python\Scripts;C:\Users\migavel\AppData\Local\Google\Cloud SDK\google-cloud-sdk\bin;c:\Users\migavel\AppData\Roaming\Code\User\globalStorage\github.copilot-chat\debugCommand;."/>
    <property name="java.vm.info" value="mixed mode, sharing"/>
    <property name="stderr.encoding" value="Cp1252"/>
    <property name="java.vendor" value="Eclipse Adoptium"/>
    <property name="java.vm.version" value="21.0.6+7-LTS"/>
    <property name="sun.io.unicode.encoding" value="UnicodeLittle"/>
    <property name="java.class.version" value="65.0"/>
  </properties>
  <testcase name="testApp" classname="com.example.AppTest" time="0.005"/>
  <testcase name="testAddition" classname="com.example.AppTest" time="0.0"/>
</testsuite>